2020-04-09 18:42:25,077 - INFO - Distributed training: True
2020-04-09 18:42:25,077 - INFO - MMDetection Version: 1.0rc1+unknown
2020-04-09 18:42:25,077 - INFO - Config:
# fp16 settings
fp16 = dict(loss_scale=512.)
norm_cfg = dict(type='BN', requires_grad=False)
# model settings
model = dict(
    type='CascadeRCNN',
    num_stages=3,
    # pretrained='torchvision://resnet50',
    pretrained = None,
    backbone=dict(
        type='ResNet',
        in_channels = 3,
        depth=101,
        num_stages=4,
        out_indices=(0, 1, 2, 3),
        frozen_stages=1,
        norm_cfg=norm_cfg,
        norm_eval=True,
        style='pytorch',
        dcn=dict(
            modulated=False, deformable_groups=1, fallback_on_stride=False),
            stage_with_dcn=(False, True, True, True)
       ),
    neck=dict(
        type='FPN',
        in_channels=[256, 512, 1024, 2048],
        out_channels=256,
        num_outs=5),
    rpn_head=dict(
        type='RPNHead',
        in_channels=256,
        feat_channels=256,
        anchor_scales=[8],
        anchor_ratios=[0.5, 1.0, 2.0],
        anchor_strides=[4, 8, 16, 32, 64],
        target_means=[.0, .0, .0, .0],
        target_stds=[1.0, 1.0, 1.0, 1.0],
        loss_cls=dict(
            type='CrossEntropyLoss', use_sigmoid=True, loss_weight=1.0),
        loss_bbox=dict(type='SmoothL1Loss', beta=1.0 / 9.0, loss_weight=1.0)),
    bbox_roi_extractor=dict(
        type='SingleRoIExtractor',
        roi_layer=dict(type='RoIAlign', out_size=7, sample_num=2),
        out_channels=256,
        featmap_strides=[4, 8, 16, 32]),
    bbox_head=[
        dict(
            type='SharedFCBBoxHead',
            num_fcs=2,
            in_channels=256,
            fc_out_channels=1024,
            roi_feat_size=7,
            num_classes=2,
            target_means=[0., 0., 0., 0.],
            target_stds=[0.1, 0.1, 0.2, 0.2],
            reg_class_agnostic=True,
            loss_cls=dict(
                type='CrossEntropyLoss', use_sigmoid=False, loss_weight=1.0),
            loss_bbox=dict(type='SmoothL1Loss', beta=1.0, loss_weight=1.0)),
        dict(
            type='SharedFCBBoxHead',
            num_fcs=2,
            in_channels=256,
            fc_out_channels=1024,
            roi_feat_size=7,
            num_classes=2,
            target_means=[0., 0., 0., 0.],
            target_stds=[0.05, 0.05, 0.1, 0.1],
            reg_class_agnostic=True,
            loss_cls=dict(
                type='CrossEntropyLoss', use_sigmoid=False, loss_weight=1.0),
            loss_bbox=dict(type='SmoothL1Loss', beta=1.0, loss_weight=1.0)),
        dict(
            type='SharedFCBBoxHead',
            num_fcs=2,
            in_channels=256,
            fc_out_channels=1024,
            roi_feat_size=7,
            num_classes=2,
            target_means=[0., 0., 0., 0.],
            target_stds=[0.033, 0.033, 0.067, 0.067],
            reg_class_agnostic=True,
            loss_cls=dict(
                type='CrossEntropyLoss', use_sigmoid=False, loss_weight=1.0),
            loss_bbox=dict(type='SmoothL1Loss', beta=1.0, loss_weight=1.0))
    ])
# model training and testing settings
train_cfg = dict(
    rpn=dict(
        assigner=dict(
            type='MaxIoUAssigner',
            pos_iou_thr=0.7,
            neg_iou_thr=0.3,
            min_pos_iou=0.3,
            ignore_iof_thr=-1),
        sampler=dict(
            type='RandomSampler',
            num=256,
            pos_fraction=0.5,
            neg_pos_ub=-1,
            add_gt_as_proposals=False),
        allowed_border=0,
        pos_weight=-1,
        debug=False),
    rpn_proposal=dict(
        nms_across_levels=False,
        nms_pre=2000,
        nms_post=2000,
        max_num=2000,
        nms_thr=0.7,
        min_bbox_size=0),
    rcnn=[
        dict(
            assigner=dict(
                type='MaxIoUAssigner',
                pos_iou_thr=0.5,
                neg_iou_thr=0.5,
                min_pos_iou=0.5,
                ignore_iof_thr=-1),
            sampler=dict(
                type='RandomSampler',
                num=512,
                pos_fraction=0.25,
                neg_pos_ub=-1,
                add_gt_as_proposals=True),
            pos_weight=-1,
            debug=False),
        dict(
            assigner=dict(
                type='MaxIoUAssigner',
                pos_iou_thr=0.6,
                neg_iou_thr=0.6,
                min_pos_iou=0.6,
                ignore_iof_thr=-1),
            sampler=dict(
                type='RandomSampler',
                num=512,
                pos_fraction=0.25,
                neg_pos_ub=-1,
                add_gt_as_proposals=True),
            pos_weight=-1,
            debug=False),
        dict(
            assigner=dict(
                type='MaxIoUAssigner',
                pos_iou_thr=0.7,
                neg_iou_thr=0.7,
                min_pos_iou=0.7,
                ignore_iof_thr=-1),
            sampler=dict(
                type='RandomSampler',
                num=512,
                pos_fraction=0.25,
                neg_pos_ub=-1,
                add_gt_as_proposals=True),
            pos_weight=-1,
            debug=False)
    ],
    stage_loss_weights=[1, 0.5, 0.25])
test_cfg = dict(
    rpn=dict(
        nms_across_levels=False,
        nms_pre=1000,
        nms_post=1000,
        max_num=1000,
        nms_thr=0.7,
        min_bbox_size=0),
    rcnn=dict(
        score_thr=0.0001, nms=dict(type='soft_nms', iou_thr=0.6, min_score=0.001), max_per_img=80))
        # score_thr=0.001, nms=dict(type='nms', iou_thr=0.6), max_per_img=80))
# dataset settings
dataset_type = 'CocoDataset'
data_root = '/media/hszc/data/datafountain/vote/vote_wsf/'
img_norm_cfg = dict(
    mean=[123.675, 116.28, 103.53], std=[58.395, 57.12, 57.375], to_rgb=True)
train_pipeline = [
    dict(type='LoadImageFromFile'),
    dict(type='LoadAnnotations', with_bbox=True),
    dict(
        type='PhotoMetricDistortion',
        brightness_delta=32,
        contrast_range=(0.5, 1.5),
        saturation_range=(0.5, 1.5),
        hue_delta=18),
    dict(type='Resize', img_scale=[(8096, 600), (8096, 1000)],
         multiscale_mode='range', keep_ratio=True),
    # dict(type='RandomFlip', flip_ratio=0.5,direction='vertical'),
    dict(type='RandomFlip', flip_ratio=0.5),
    dict(type='Normalize', **img_norm_cfg),
    dict(type='Pad', size_divisor=32),
    dict(type='DefaultFormatBundle'),
    dict(type='Collect', keys=['img', 'gt_bboxes', 'gt_labels']),
]
test_pipeline = [
    dict(type='LoadImageFromFile'),
    dict(
        type='MultiScaleFlipAug',
        img_scale=[(8096,1000)],#,(8096,600),(8096,800)],
        # img_scale=(8096,400),
        flip=True,
        transforms=[
            dict(type='Resize', keep_ratio=True),
            dict(type='RandomFlip'),
            dict(type='Normalize', **img_norm_cfg),
            dict(type='Pad', size_divisor=32),
            dict(type='ImageToTensor', keys=['img']),
            dict(type='Collect', keys=['img']),
        ])
]
data = dict(
    imgs_per_gpu=2,
    workers_per_gpu=6,
    train=dict(
        type=dataset_type,
        ann_file='/home/ubuntu/mmdetection/data/train/instances_train2017.json',
        img_prefix='/home/ubuntu/mmdetection/data/train/images/',
        pipeline=train_pipeline),
    val=dict(
        type=dataset_type,
        ann_file='/home/ubuntu/mmdetection/data/train/instances_val2017.json',
        img_prefix='/home/ubuntu/mmdetection/data/train/images/',
        pipeline=test_pipeline),
    test=dict(
        type=dataset_type,
        ann_file='/home/ubuntu/mmdetection/data/test_A_shengxue.json',
        img_prefix='/home/ubuntu/mmdetection/data/a-test-image/image/',
        pipeline=test_pipeline))

# optimizer
optimizer = dict(type='SGD', lr=0.005, momentum=0.9, weight_decay=0.0001)
optimizer_config = dict(grad_clip=dict(max_norm=35, norm_type=2))
# learning policy
lr_config = dict(
    policy='step',
    warmup='linear',
    warmup_iters=500,
    warmup_ratio=1.0 / 3,
    step=[8, 11])
checkpoint_config = dict(interval=2)
# yapf:disable
log_config = dict(
    interval=50,
    hooks=[
        dict(type='TextLoggerHook'),
        # dict(type='TensorboardLoggerHook')
    ])
# yapf:enable
# runtime settings
total_epochs = 12
dist_params = dict(backend='nccl')
log_level = 'INFO'
work_dir = './work_dirs/dcn_r101_0409_vote_600_bn_wsf_photo'
load_from = '/home/ubuntu/mmdetection-new/weights/cascade_rcnn_dconv_c3-c5_r101_fpn_1x_20190125-aaa877cc.pth'
resume_from = None
workflow = [('train', 1)]

2020-04-09 18:42:31,437 - INFO - load checkpoint from /home/ubuntu/mmdetection-new/weights/cascade_rcnn_dconv_c3-c5_r101_fpn_1x_20190125-aaa877cc.pth
2020-04-09 18:42:31,737 - WARNING - The model and loaded state dict do not match exactly

these keys have mismatched shape:
+---------------------------+-----------------------+------------------------+
| key                       | expected shape        | loaded shape           |
+---------------------------+-----------------------+------------------------+
| bbox_head.0.fc_cls.weight | torch.Size([2, 1024]) | torch.Size([81, 1024]) |
| bbox_head.0.fc_cls.bias   | torch.Size([2])       | torch.Size([81])       |
| bbox_head.1.fc_cls.weight | torch.Size([2, 1024]) | torch.Size([81, 1024]) |
| bbox_head.1.fc_cls.bias   | torch.Size([2])       | torch.Size([81])       |
| bbox_head.2.fc_cls.weight | torch.Size([2, 1024]) | torch.Size([81, 1024]) |
| bbox_head.2.fc_cls.bias   | torch.Size([2])       | torch.Size([81])       |
+---------------------------+-----------------------+------------------------+
2020-04-09 18:42:31,752 - INFO - Start running, host: ubuntu@VM-0-13-ubuntu, work_dir: /home/ubuntu/mmdetection-new/work_dirs/dcn_r101_0409_vote_600_bn_wsf_photo
2020-04-09 18:42:31,752 - INFO - workflow: [('train', 1)], max: 12 epochs
2020-04-09 18:43:37,181 - INFO - Epoch [1][50/504]	lr: 0.00199, eta: 2:10:43, time: 1.308, data_time: 0.186, memory: 14879, loss_rpn_cls: 0.1309, loss_rpn_bbox: 0.0489, s0.loss_cls: 0.2227, s0.acc: 92.8057, s0.loss_bbox: 0.1028, s1.loss_cls: 0.0975, s1.acc: 95.0498, s1.loss_bbox: 0.0611, s2.loss_cls: 0.0410, s2.acc: 96.8975, s2.loss_bbox: 0.0197, loss: 0.7247
2020-04-09 18:44:28,791 - INFO - Epoch [1][100/504]	lr: 0.00233, eta: 1:55:58, time: 1.032, data_time: 0.009, memory: 14879, loss_rpn_cls: 0.0482, loss_rpn_bbox: 0.0347, s0.loss_cls: 0.1999, s0.acc: 92.5518, s0.loss_bbox: 0.1230, s1.loss_cls: 0.0960, s1.acc: 93.1465, s1.loss_bbox: 0.0979, s2.loss_cls: 0.0424, s2.acc: 94.5400, s2.loss_bbox: 0.0395, loss: 0.6816
2020-04-09 18:45:21,644 - INFO - Epoch [1][150/504]	lr: 0.00266, eta: 1:51:18, time: 1.057, data_time: 0.009, memory: 14879, loss_rpn_cls: 0.0499, loss_rpn_bbox: 0.0326, s0.loss_cls: 0.2095, s0.acc: 92.2109, s0.loss_bbox: 0.1447, s1.loss_cls: 0.0980, s1.acc: 92.9668, s1.loss_bbox: 0.1231, s2.loss_cls: 0.0418, s2.acc: 94.0908, s2.loss_bbox: 0.0488, loss: 0.7484
2020-04-09 18:46:18,162 - INFO - Epoch [1][200/504]	lr: 0.00299, eta: 1:50:18, time: 1.130, data_time: 0.010, memory: 14879, loss_rpn_cls: 0.0435, loss_rpn_bbox: 0.0347, s0.loss_cls: 0.2147, s0.acc: 91.4072, s0.loss_bbox: 0.1571, s1.loss_cls: 0.1029, s1.acc: 91.8188, s1.loss_bbox: 0.1428, s2.loss_cls: 0.0435, s2.acc: 94.0837, s2.loss_bbox: 0.0572, loss: 0.7964
2020-04-09 18:47:11,023 - INFO - Epoch [1][250/504]	lr: 0.00333, eta: 1:47:55, time: 1.057, data_time: 0.009, memory: 14879, loss_rpn_cls: 0.0474, loss_rpn_bbox: 0.0318, s0.loss_cls: 0.1986, s0.acc: 92.0273, s0.loss_bbox: 0.1442, s1.loss_cls: 0.0958, s1.acc: 92.3090, s1.loss_bbox: 0.1327, s2.loss_cls: 0.0402, s2.acc: 94.4326, s2.loss_bbox: 0.0546, loss: 0.7453
2020-04-09 18:48:05,680 - INFO - Epoch [1][300/504]	lr: 0.00366, eta: 1:46:37, time: 1.093, data_time: 0.010, memory: 14879, loss_rpn_cls: 0.0386, loss_rpn_bbox: 0.0296, s0.loss_cls: 0.2111, s0.acc: 91.4443, s0.loss_bbox: 0.1587, s1.loss_cls: 0.1010, s1.acc: 91.8250, s1.loss_bbox: 0.1494, s2.loss_cls: 0.0417, s2.acc: 93.9201, s2.loss_bbox: 0.0578, loss: 0.7878
2020-04-09 18:48:57,252 - INFO - Epoch [1][350/504]	lr: 0.00399, eta: 1:44:35, time: 1.031, data_time: 0.009, memory: 14879, loss_rpn_cls: 0.0403, loss_rpn_bbox: 0.0332, s0.loss_cls: 0.2137, s0.acc: 91.3564, s0.loss_bbox: 0.1582, s1.loss_cls: 0.1009, s1.acc: 91.9317, s1.loss_bbox: 0.1429, s2.loss_cls: 0.0415, s2.acc: 94.1536, s2.loss_bbox: 0.0579, loss: 0.7886
2020-04-09 18:49:50,209 - INFO - Epoch [1][400/504]	lr: 0.00433, eta: 1:43:10, time: 1.059, data_time: 0.009, memory: 14879, loss_rpn_cls: 0.0381, loss_rpn_bbox: 0.0357, s0.loss_cls: 0.2115, s0.acc: 91.4082, s0.loss_bbox: 0.1540, s1.loss_cls: 0.1033, s1.acc: 91.5996, s1.loss_bbox: 0.1473, s2.loss_cls: 0.0417, s2.acc: 94.1338, s2.loss_bbox: 0.0600, loss: 0.7915
2020-04-09 18:50:42,337 - INFO - Epoch [1][450/504]	lr: 0.00466, eta: 1:41:42, time: 1.043, data_time: 0.009, memory: 14879, loss_rpn_cls: 0.0352, loss_rpn_bbox: 0.0316, s0.loss_cls: 0.1900, s0.acc: 92.4912, s0.loss_bbox: 0.1393, s1.loss_cls: 0.0924, s1.acc: 92.8493, s1.loss_bbox: 0.1338, s2.loss_cls: 0.0376, s2.acc: 94.6252, s2.loss_bbox: 0.0555, loss: 0.7154
2020-04-09 18:51:37,958 - INFO - Epoch [1][500/504]	lr: 0.00499, eta: 1:41:00, time: 1.112, data_time: 0.010, memory: 23314, loss_rpn_cls: 0.0439, loss_rpn_bbox: 0.0333, s0.loss_cls: 0.2034, s0.acc: 92.0830, s0.loss_bbox: 0.1468, s1.loss_cls: 0.0969, s1.acc: 92.2888, s1.loss_bbox: 0.1360, s2.loss_cls: 0.0406, s2.acc: 94.0378, s2.loss_bbox: 0.0568, loss: 0.7578
2020-04-09 18:55:23,279 - INFO - Epoch [1][504/504]	lr: 0.00500, bbox_mAP: 0.2310, bbox_mAP_50: 0.4890, bbox_mAP_75: 0.1830, bbox_mAP_s: 0.0550, bbox_mAP_m: 0.1310, bbox_mAP_l: 0.3130, bbox_mAP_copypaste: 0.231 0.489 0.183 0.055 0.131 0.313
2020-04-09 18:56:25,835 - INFO - Epoch [2][50/504]	lr: 0.00500, eta: 1:40:36, time: 1.251, data_time: 0.181, memory: 23314, loss_rpn_cls: 0.0358, loss_rpn_bbox: 0.0305, s0.loss_cls: 0.1996, s0.acc: 91.9883, s0.loss_bbox: 0.1424, s1.loss_cls: 0.0977, s1.acc: 92.0939, s1.loss_bbox: 0.1390, s2.loss_cls: 0.0399, s2.acc: 94.2954, s2.loss_bbox: 0.0555, loss: 0.7404
2020-04-09 18:57:21,582 - INFO - Epoch [2][100/504]	lr: 0.00500, eta: 1:39:48, time: 1.115, data_time: 0.010, memory: 23314, loss_rpn_cls: 0.0314, loss_rpn_bbox: 0.0287, s0.loss_cls: 0.1919, s0.acc: 92.1533, s0.loss_bbox: 0.1489, s1.loss_cls: 0.0942, s1.acc: 92.0470, s1.loss_bbox: 0.1421, s2.loss_cls: 0.0392, s2.acc: 94.1919, s2.loss_bbox: 0.0584, loss: 0.7349
2020-04-09 18:58:16,551 - INFO - Epoch [2][150/504]	lr: 0.00500, eta: 1:38:53, time: 1.099, data_time: 0.009, memory: 23314, loss_rpn_cls: 0.0352, loss_rpn_bbox: 0.0318, s0.loss_cls: 0.1910, s0.acc: 92.2754, s0.loss_bbox: 0.1469, s1.loss_cls: 0.0945, s1.acc: 92.1217, s1.loss_bbox: 0.1434, s2.loss_cls: 0.0394, s2.acc: 94.0700, s2.loss_bbox: 0.0571, loss: 0.7392
2020-04-09 18:59:09,907 - INFO - Epoch [2][200/504]	lr: 0.00500, eta: 1:37:46, time: 1.067, data_time: 0.009, memory: 23314, loss_rpn_cls: 0.0273, loss_rpn_bbox: 0.0287, s0.loss_cls: 0.2040, s0.acc: 91.5967, s0.loss_bbox: 0.1556, s1.loss_cls: 0.1018, s1.acc: 91.5649, s1.loss_bbox: 0.1558, s2.loss_cls: 0.0430, s2.acc: 93.3170, s2.loss_bbox: 0.0670, loss: 0.7832
2020-04-09 19:00:03,145 - INFO - Epoch [2][250/504]	lr: 0.00500, eta: 1:36:39, time: 1.065, data_time: 0.009, memory: 23314, loss_rpn_cls: 0.0278, loss_rpn_bbox: 0.0278, s0.loss_cls: 0.1822, s0.acc: 92.6152, s0.loss_bbox: 0.1373, s1.loss_cls: 0.0908, s1.acc: 92.5411, s1.loss_bbox: 0.1425, s2.loss_cls: 0.0399, s2.acc: 93.7013, s2.loss_bbox: 0.0634, loss: 0.7118
2020-04-09 19:00:55,994 - INFO - Epoch [2][300/504]	lr: 0.00500, eta: 1:35:32, time: 1.057, data_time: 0.009, memory: 23314, loss_rpn_cls: 0.0293, loss_rpn_bbox: 0.0266, s0.loss_cls: 0.2056, s0.acc: 91.5996, s0.loss_bbox: 0.1524, s1.loss_cls: 0.1029, s1.acc: 91.3924, s1.loss_bbox: 0.1513, s2.loss_cls: 0.0432, s2.acc: 93.4553, s2.loss_bbox: 0.0625, loss: 0.7736
2020-04-09 19:01:49,008 - INFO - Epoch [2][350/504]	lr: 0.00500, eta: 1:34:27, time: 1.060, data_time: 0.009, memory: 23314, loss_rpn_cls: 0.0306, loss_rpn_bbox: 0.0292, s0.loss_cls: 0.2031, s0.acc: 91.7100, s0.loss_bbox: 0.1589, s1.loss_cls: 0.1003, s1.acc: 91.8295, s1.loss_bbox: 0.1573, s2.loss_cls: 0.0421, s2.acc: 93.6065, s2.loss_bbox: 0.0664, loss: 0.7879
2020-04-09 19:02:42,053 - INFO - Epoch [2][400/504]	lr: 0.00500, eta: 1:33:24, time: 1.061, data_time: 0.009, memory: 23314, loss_rpn_cls: 0.0278, loss_rpn_bbox: 0.0299, s0.loss_cls: 0.1944, s0.acc: 92.0508, s0.loss_bbox: 0.1491, s1.loss_cls: 0.0976, s1.acc: 91.8409, s1.loss_bbox: 0.1495, s2.loss_cls: 0.0416, s2.acc: 93.3429, s2.loss_bbox: 0.0633, loss: 0.7533
2020-04-09 19:03:36,624 - INFO - Epoch [2][450/504]	lr: 0.00500, eta: 1:32:30, time: 1.091, data_time: 0.010, memory: 23314, loss_rpn_cls: 0.0309, loss_rpn_bbox: 0.0259, s0.loss_cls: 0.2045, s0.acc: 91.6953, s0.loss_bbox: 0.1515, s1.loss_cls: 0.1026, s1.acc: 91.4515, s1.loss_bbox: 0.1515, s2.loss_cls: 0.0427, s2.acc: 93.5905, s2.loss_bbox: 0.0633, loss: 0.7730
2020-04-09 19:04:31,066 - INFO - Epoch [2][500/504]	lr: 0.00500, eta: 1:31:35, time: 1.089, data_time: 0.010, memory: 23314, loss_rpn_cls: 0.0262, loss_rpn_bbox: 0.0259, s0.loss_cls: 0.1923, s0.acc: 92.0625, s0.loss_bbox: 0.1492, s1.loss_cls: 0.0955, s1.acc: 92.0888, s1.loss_bbox: 0.1566, s2.loss_cls: 0.0407, s2.acc: 93.9229, s2.loss_bbox: 0.0675, loss: 0.7540
2020-04-09 19:08:03,137 - INFO - Epoch [2][504/504]	lr: 0.00500, bbox_mAP: 0.2750, bbox_mAP_50: 0.5530, bbox_mAP_75: 0.2410, bbox_mAP_s: 0.1170, bbox_mAP_m: 0.1590, bbox_mAP_l: 0.3740, bbox_mAP_copypaste: 0.275 0.553 0.241 0.117 0.159 0.374
2020-04-09 19:09:04,279 - INFO - Epoch [3][50/504]	lr: 0.00500, eta: 1:30:47, time: 1.223, data_time: 0.186, memory: 23314, loss_rpn_cls: 0.0253, loss_rpn_bbox: 0.0264, s0.loss_cls: 0.1955, s0.acc: 91.9766, s0.loss_bbox: 0.1457, s1.loss_cls: 0.0995, s1.acc: 91.6203, s1.loss_bbox: 0.1510, s2.loss_cls: 0.0433, s2.acc: 93.1080, s2.loss_bbox: 0.0663, loss: 0.7530
2020-04-09 19:09:57,980 - INFO - Epoch [3][100/504]	lr: 0.00500, eta: 1:29:49, time: 1.074, data_time: 0.010, memory: 23314, loss_rpn_cls: 0.0243, loss_rpn_bbox: 0.0228, s0.loss_cls: 0.1881, s0.acc: 92.2832, s0.loss_bbox: 0.1418, s1.loss_cls: 0.0945, s1.acc: 92.0866, s1.loss_bbox: 0.1511, s2.loss_cls: 0.0406, s2.acc: 93.6159, s2.loss_bbox: 0.0661, loss: 0.7294
2020-04-09 19:10:50,985 - INFO - Epoch [3][150/504]	lr: 0.00500, eta: 1:28:48, time: 1.060, data_time: 0.009, memory: 23314, loss_rpn_cls: 0.0281, loss_rpn_bbox: 0.0242, s0.loss_cls: 0.1925, s0.acc: 92.1650, s0.loss_bbox: 0.1516, s1.loss_cls: 0.0969, s1.acc: 91.7272, s1.loss_bbox: 0.1529, s2.loss_cls: 0.0423, s2.acc: 93.3200, s2.loss_bbox: 0.0666, loss: 0.7551
2020-04-09 19:11:45,325 - INFO - Epoch [3][200/504]	lr: 0.00500, eta: 1:27:53, time: 1.087, data_time: 0.009, memory: 23314, loss_rpn_cls: 0.0301, loss_rpn_bbox: 0.0288, s0.loss_cls: 0.2091, s0.acc: 91.3857, s0.loss_bbox: 0.1561, s1.loss_cls: 0.1054, s1.acc: 90.9575, s1.loss_bbox: 0.1663, s2.loss_cls: 0.0461, s2.acc: 92.6459, s2.loss_bbox: 0.0726, loss: 0.8147
2020-04-09 19:12:38,627 - INFO - Epoch [3][250/504]	lr: 0.00500, eta: 1:26:54, time: 1.066, data_time: 0.009, memory: 23314, loss_rpn_cls: 0.0300, loss_rpn_bbox: 0.0260, s0.loss_cls: 0.1978, s0.acc: 92.0488, s0.loss_bbox: 0.1494, s1.loss_cls: 0.0998, s1.acc: 91.8595, s1.loss_bbox: 0.1592, s2.loss_cls: 0.0429, s2.acc: 93.5922, s2.loss_bbox: 0.0719, loss: 0.7769
2020-04-09 19:13:32,491 - INFO - Epoch [3][300/504]	lr: 0.00500, eta: 1:25:57, time: 1.077, data_time: 0.009, memory: 23314, loss_rpn_cls: 0.0275, loss_rpn_bbox: 0.0280, s0.loss_cls: 0.1982, s0.acc: 91.7051, s0.loss_bbox: 0.1527, s1.loss_cls: 0.1004, s1.acc: 91.5785, s1.loss_bbox: 0.1576, s2.loss_cls: 0.0428, s2.acc: 93.4091, s2.loss_bbox: 0.0686, loss: 0.7756
2020-04-09 19:14:25,704 - INFO - Epoch [3][350/504]	lr: 0.00500, eta: 1:24:59, time: 1.064, data_time: 0.009, memory: 23314, loss_rpn_cls: 0.0274, loss_rpn_bbox: 0.0262, s0.loss_cls: 0.1953, s0.acc: 91.9033, s0.loss_bbox: 0.1538, s1.loss_cls: 0.0980, s1.acc: 91.8452, s1.loss_bbox: 0.1625, s2.loss_cls: 0.0435, s2.acc: 92.9531, s2.loss_bbox: 0.0715, loss: 0.7782
2020-04-09 19:15:19,264 - INFO - Epoch [3][400/504]	lr: 0.00500, eta: 1:24:02, time: 1.071, data_time: 0.009, memory: 23314, loss_rpn_cls: 0.0286, loss_rpn_bbox: 0.0301, s0.loss_cls: 0.1971, s0.acc: 91.7783, s0.loss_bbox: 0.1549, s1.loss_cls: 0.0990, s1.acc: 91.6859, s1.loss_bbox: 0.1639, s2.loss_cls: 0.0434, s2.acc: 93.0911, s2.loss_bbox: 0.0714, loss: 0.7885
2020-04-09 19:16:10,233 - INFO - Epoch [3][450/504]	lr: 0.00500, eta: 1:22:57, time: 1.019, data_time: 0.009, memory: 23314, loss_rpn_cls: 0.0238, loss_rpn_bbox: 0.0269, s0.loss_cls: 0.1861, s0.acc: 92.1777, s0.loss_bbox: 0.1476, s1.loss_cls: 0.0939, s1.acc: 92.0147, s1.loss_bbox: 0.1547, s2.loss_cls: 0.0413, s2.acc: 93.3783, s2.loss_bbox: 0.0700, loss: 0.7443
2020-04-09 19:17:02,725 - INFO - Epoch [3][500/504]	lr: 0.00500, eta: 1:21:57, time: 1.050, data_time: 0.009, memory: 23314, loss_rpn_cls: 0.0247, loss_rpn_bbox: 0.0264, s0.loss_cls: 0.1825, s0.acc: 92.5264, s0.loss_bbox: 0.1413, s1.loss_cls: 0.0936, s1.acc: 91.9830, s1.loss_bbox: 0.1495, s2.loss_cls: 0.0418, s2.acc: 93.2155, s2.loss_bbox: 0.0685, loss: 0.7284
2020-04-09 19:20:19,066 - INFO - Epoch [3][504/504]	lr: 0.00500, bbox_mAP: 0.2730, bbox_mAP_50: 0.5480, bbox_mAP_75: 0.2300, bbox_mAP_s: 0.1490, bbox_mAP_m: 0.1580, bbox_mAP_l: 0.3630, bbox_mAP_copypaste: 0.273 0.548 0.230 0.149 0.158 0.363
2020-04-09 19:21:21,939 - INFO - Epoch [4][50/504]	lr: 0.00500, eta: 1:21:11, time: 1.257, data_time: 0.183, memory: 23314, loss_rpn_cls: 0.0245, loss_rpn_bbox: 0.0249, s0.loss_cls: 0.1943, s0.acc: 91.7910, s0.loss_bbox: 0.1481, s1.loss_cls: 0.0995, s1.acc: 91.5390, s1.loss_bbox: 0.1583, s2.loss_cls: 0.0439, s2.acc: 92.8769, s2.loss_bbox: 0.0723, loss: 0.7659
2020-04-09 19:22:14,500 - INFO - Epoch [4][100/504]	lr: 0.00500, eta: 1:20:12, time: 1.051, data_time: 0.009, memory: 23314, loss_rpn_cls: 0.0226, loss_rpn_bbox: 0.0251, s0.loss_cls: 0.2001, s0.acc: 91.8643, s0.loss_bbox: 0.1509, s1.loss_cls: 0.1014, s1.acc: 91.8186, s1.loss_bbox: 0.1576, s2.loss_cls: 0.0443, s2.acc: 93.0533, s2.loss_bbox: 0.0694, loss: 0.7714
2020-04-09 19:23:07,348 - INFO - Epoch [4][150/504]	lr: 0.00500, eta: 1:19:14, time: 1.057, data_time: 0.009, memory: 23314, loss_rpn_cls: 0.0270, loss_rpn_bbox: 0.0258, s0.loss_cls: 0.1845, s0.acc: 92.3506, s0.loss_bbox: 0.1433, s1.loss_cls: 0.0945, s1.acc: 91.9028, s1.loss_bbox: 0.1503, s2.loss_cls: 0.0418, s2.acc: 93.3354, s2.loss_bbox: 0.0678, loss: 0.7351
2020-04-09 19:24:00,344 - INFO - Epoch [4][200/504]	lr: 0.00500, eta: 1:18:17, time: 1.060, data_time: 0.009, memory: 23314, loss_rpn_cls: 0.0266, loss_rpn_bbox: 0.0265, s0.loss_cls: 0.1945, s0.acc: 91.8887, s0.loss_bbox: 0.1500, s1.loss_cls: 0.0986, s1.acc: 91.6395, s1.loss_bbox: 0.1637, s2.loss_cls: 0.0438, s2.acc: 92.8443, s2.loss_bbox: 0.0734, loss: 0.7771
2020-04-09 19:24:53,320 - INFO - Epoch [4][250/504]	lr: 0.00500, eta: 1:17:20, time: 1.059, data_time: 0.009, memory: 23314, loss_rpn_cls: 0.0230, loss_rpn_bbox: 0.0259, s0.loss_cls: 0.1896, s0.acc: 92.0615, s0.loss_bbox: 0.1472, s1.loss_cls: 0.0969, s1.acc: 91.8574, s1.loss_bbox: 0.1594, s2.loss_cls: 0.0426, s2.acc: 93.2200, s2.loss_bbox: 0.0719, loss: 0.7564
2020-04-09 19:25:47,389 - INFO - Epoch [4][300/504]	lr: 0.00500, eta: 1:16:26, time: 1.081, data_time: 0.009, memory: 23314, loss_rpn_cls: 0.0265, loss_rpn_bbox: 0.0248, s0.loss_cls: 0.1931, s0.acc: 92.0557, s0.loss_bbox: 0.1449, s1.loss_cls: 0.0963, s1.acc: 91.8733, s1.loss_bbox: 0.1566, s2.loss_cls: 0.0431, s2.acc: 92.9363, s2.loss_bbox: 0.0730, loss: 0.7583
2020-04-09 19:26:42,289 - INFO - Epoch [4][350/504]	lr: 0.00500, eta: 1:15:33, time: 1.098, data_time: 0.010, memory: 23314, loss_rpn_cls: 0.0287, loss_rpn_bbox: 0.0261, s0.loss_cls: 0.1860, s0.acc: 92.2959, s0.loss_bbox: 0.1476, s1.loss_cls: 0.0950, s1.acc: 91.9320, s1.loss_bbox: 0.1603, s2.loss_cls: 0.0424, s2.acc: 92.9116, s2.loss_bbox: 0.0723, loss: 0.7583
2020-04-09 19:27:36,782 - INFO - Epoch [4][400/504]	lr: 0.00500, eta: 1:14:40, time: 1.090, data_time: 0.009, memory: 23314, loss_rpn_cls: 0.0219, loss_rpn_bbox: 0.0237, s0.loss_cls: 0.1826, s0.acc: 92.1982, s0.loss_bbox: 0.1471, s1.loss_cls: 0.0948, s1.acc: 91.5784, s1.loss_bbox: 0.1669, s2.loss_cls: 0.0435, s2.acc: 92.6454, s2.loss_bbox: 0.0773, loss: 0.7577
2020-04-09 19:28:29,132 - INFO - Epoch [4][450/504]	lr: 0.00500, eta: 1:13:42, time: 1.047, data_time: 0.009, memory: 23314, loss_rpn_cls: 0.0221, loss_rpn_bbox: 0.0235, s0.loss_cls: 0.1873, s0.acc: 91.9941, s0.loss_bbox: 0.1524, s1.loss_cls: 0.0951, s1.acc: 91.8509, s1.loss_bbox: 0.1700, s2.loss_cls: 0.0428, s2.acc: 92.8280, s2.loss_bbox: 0.0766, loss: 0.7698
2020-04-09 19:29:21,962 - INFO - Epoch [4][500/504]	lr: 0.00500, eta: 1:12:45, time: 1.057, data_time: 0.010, memory: 23314, loss_rpn_cls: 0.0220, loss_rpn_bbox: 0.0248, s0.loss_cls: 0.1880, s0.acc: 92.2021, s0.loss_bbox: 0.1467, s1.loss_cls: 0.0948, s1.acc: 91.9246, s1.loss_bbox: 0.1562, s2.loss_cls: 0.0412, s2.acc: 93.3904, s2.loss_bbox: 0.0707, loss: 0.7445
2020-04-09 19:32:35,579 - INFO - Epoch [4][504/504]	lr: 0.00500, bbox_mAP: 0.2840, bbox_mAP_50: 0.5910, bbox_mAP_75: 0.2230, bbox_mAP_s: 0.1370, bbox_mAP_m: 0.1550, bbox_mAP_l: 0.3810, bbox_mAP_copypaste: 0.284 0.591 0.223 0.137 0.155 0.381
2020-04-09 19:33:39,135 - INFO - Epoch [5][50/504]	lr: 0.00500, eta: 1:11:57, time: 1.271, data_time: 0.184, memory: 23314, loss_rpn_cls: 0.0236, loss_rpn_bbox: 0.0293, s0.loss_cls: 0.1996, s0.acc: 91.6240, s0.loss_bbox: 0.1605, s1.loss_cls: 0.1006, s1.acc: 91.5108, s1.loss_bbox: 0.1761, s2.loss_cls: 0.0456, s2.acc: 92.4660, s2.loss_bbox: 0.0822, loss: 0.8176
2020-04-09 19:34:32,769 - INFO - Epoch [5][100/504]	lr: 0.00500, eta: 1:11:01, time: 1.073, data_time: 0.009, memory: 23314, loss_rpn_cls: 0.0246, loss_rpn_bbox: 0.0269, s0.loss_cls: 0.1771, s0.acc: 92.7988, s0.loss_bbox: 0.1322, s1.loss_cls: 0.0912, s1.acc: 92.3597, s1.loss_bbox: 0.1471, s2.loss_cls: 0.0402, s2.acc: 93.5991, s2.loss_bbox: 0.0683, loss: 0.7076
2020-04-09 19:35:23,602 - INFO - Epoch [5][150/504]	lr: 0.00500, eta: 1:10:01, time: 1.017, data_time: 0.009, memory: 23314, loss_rpn_cls: 0.0226, loss_rpn_bbox: 0.0247, s0.loss_cls: 0.1925, s0.acc: 92.0010, s0.loss_bbox: 0.1480, s1.loss_cls: 0.0992, s1.acc: 91.7183, s1.loss_bbox: 0.1694, s2.loss_cls: 0.0443, s2.acc: 92.7060, s2.loss_bbox: 0.0808, loss: 0.7817
2020-04-09 19:36:18,411 - INFO - Epoch [5][200/504]	lr: 0.00500, eta: 1:09:08, time: 1.096, data_time: 0.010, memory: 23314, loss_rpn_cls: 0.0236, loss_rpn_bbox: 0.0234, s0.loss_cls: 0.1696, s0.acc: 92.8438, s0.loss_bbox: 0.1410, s1.loss_cls: 0.0897, s1.acc: 92.2135, s1.loss_bbox: 0.1566, s2.loss_cls: 0.0406, s2.acc: 93.2562, s2.loss_bbox: 0.0721, loss: 0.7166
2020-04-09 19:37:14,252 - INFO - Epoch [5][250/504]	lr: 0.00500, eta: 1:08:17, time: 1.117, data_time: 0.010, memory: 23314, loss_rpn_cls: 0.0224, loss_rpn_bbox: 0.0240, s0.loss_cls: 0.1952, s0.acc: 91.8848, s0.loss_bbox: 0.1534, s1.loss_cls: 0.1010, s1.acc: 91.4704, s1.loss_bbox: 0.1673, s2.loss_cls: 0.0459, s2.acc: 92.2504, s2.loss_bbox: 0.0795, loss: 0.7887
2020-04-09 19:38:06,383 - INFO - Epoch [5][300/504]	lr: 0.00500, eta: 1:07:20, time: 1.043, data_time: 0.009, memory: 23314, loss_rpn_cls: 0.0225, loss_rpn_bbox: 0.0255, s0.loss_cls: 0.1872, s0.acc: 92.2246, s0.loss_bbox: 0.1409, s1.loss_cls: 0.0955, s1.acc: 91.9299, s1.loss_bbox: 0.1538, s2.loss_cls: 0.0420, s2.acc: 93.2531, s2.loss_bbox: 0.0713, loss: 0.7386
2020-04-09 19:38:59,595 - INFO - Epoch [5][350/504]	lr: 0.00500, eta: 1:06:24, time: 1.064, data_time: 0.009, memory: 23314, loss_rpn_cls: 0.0209, loss_rpn_bbox: 0.0240, s0.loss_cls: 0.1932, s0.acc: 91.9297, s0.loss_bbox: 0.1544, s1.loss_cls: 0.0988, s1.acc: 91.3707, s1.loss_bbox: 0.1724, s2.loss_cls: 0.0445, s2.acc: 92.4045, s2.loss_bbox: 0.0793, loss: 0.7875
2020-04-09 19:39:54,251 - INFO - Epoch [5][400/504]	lr: 0.00500, eta: 1:05:31, time: 1.093, data_time: 0.009, memory: 23314, loss_rpn_cls: 0.0207, loss_rpn_bbox: 0.0264, s0.loss_cls: 0.1825, s0.acc: 92.3887, s0.loss_bbox: 0.1404, s1.loss_cls: 0.0953, s1.acc: 91.8160, s1.loss_bbox: 0.1555, s2.loss_cls: 0.0431, s2.acc: 92.8392, s2.loss_bbox: 0.0728, loss: 0.7369
2020-04-09 19:40:47,235 - INFO - Epoch [5][450/504]	lr: 0.00500, eta: 1:04:35, time: 1.060, data_time: 0.009, memory: 23314, loss_rpn_cls: 0.0189, loss_rpn_bbox: 0.0207, s0.loss_cls: 0.1770, s0.acc: 92.7793, s0.loss_bbox: 0.1420, s1.loss_cls: 0.0920, s1.acc: 92.1601, s1.loss_bbox: 0.1648, s2.loss_cls: 0.0421, s2.acc: 93.0226, s2.loss_bbox: 0.0766, loss: 0.7343
2020-04-09 19:41:43,470 - INFO - Epoch [5][500/504]	lr: 0.00500, eta: 1:03:44, time: 1.125, data_time: 0.009, memory: 23314, loss_rpn_cls: 0.0191, loss_rpn_bbox: 0.0219, s0.loss_cls: 0.1797, s0.acc: 92.2100, s0.loss_bbox: 0.1384, s1.loss_cls: 0.0955, s1.acc: 91.5684, s1.loss_bbox: 0.1540, s2.loss_cls: 0.0429, s2.acc: 92.8716, s2.loss_bbox: 0.0716, loss: 0.7231
2020-04-09 19:44:54,381 - INFO - Epoch [5][504/504]	lr: 0.00500, bbox_mAP: 0.3190, bbox_mAP_50: 0.6130, bbox_mAP_75: 0.2830, bbox_mAP_s: 0.1430, bbox_mAP_m: 0.2070, bbox_mAP_l: 0.4190, bbox_mAP_copypaste: 0.319 0.613 0.283 0.143 0.207 0.419
2020-04-09 19:45:58,196 - INFO - Epoch [6][50/504]	lr: 0.00500, eta: 1:02:53, time: 1.276, data_time: 0.183, memory: 23314, loss_rpn_cls: 0.0221, loss_rpn_bbox: 0.0235, s0.loss_cls: 0.1909, s0.acc: 91.9326, s0.loss_bbox: 0.1481, s1.loss_cls: 0.0994, s1.acc: 91.4619, s1.loss_bbox: 0.1683, s2.loss_cls: 0.0460, s2.acc: 92.0774, s2.loss_bbox: 0.0804, loss: 0.7786
2020-04-09 19:46:51,191 - INFO - Epoch [6][100/504]	lr: 0.00500, eta: 1:01:57, time: 1.060, data_time: 0.009, memory: 23314, loss_rpn_cls: 0.0221, loss_rpn_bbox: 0.0247, s0.loss_cls: 0.1766, s0.acc: 92.6523, s0.loss_bbox: 0.1362, s1.loss_cls: 0.0920, s1.acc: 92.0442, s1.loss_bbox: 0.1561, s2.loss_cls: 0.0419, s2.acc: 93.0299, s2.loss_bbox: 0.0757, loss: 0.7253
2020-04-09 19:47:46,338 - INFO - Epoch [6][150/504]	lr: 0.00500, eta: 1:01:04, time: 1.103, data_time: 0.009, memory: 23314, loss_rpn_cls: 0.0222, loss_rpn_bbox: 0.0274, s0.loss_cls: 0.1928, s0.acc: 91.9434, s0.loss_bbox: 0.1516, s1.loss_cls: 0.0992, s1.acc: 91.5744, s1.loss_bbox: 0.1708, s2.loss_cls: 0.0450, s2.acc: 92.3051, s2.loss_bbox: 0.0821, loss: 0.7912
2020-04-09 19:48:39,458 - INFO - Epoch [6][200/504]	lr: 0.00500, eta: 1:00:08, time: 1.062, data_time: 0.009, memory: 23314, loss_rpn_cls: 0.0227, loss_rpn_bbox: 0.0257, s0.loss_cls: 0.1903, s0.acc: 91.9639, s0.loss_bbox: 0.1533, s1.loss_cls: 0.0990, s1.acc: 91.3774, s1.loss_bbox: 0.1791, s2.loss_cls: 0.0463, s2.acc: 92.1575, s2.loss_bbox: 0.0860, loss: 0.8024
2020-04-09 19:49:33,183 - INFO - Epoch [6][250/504]	lr: 0.00500, eta: 0:59:13, time: 1.075, data_time: 0.009, memory: 23314, loss_rpn_cls: 0.0206, loss_rpn_bbox: 0.0231, s0.loss_cls: 0.1736, s0.acc: 92.6924, s0.loss_bbox: 0.1425, s1.loss_cls: 0.0909, s1.acc: 91.9915, s1.loss_bbox: 0.1631, s2.loss_cls: 0.0422, s2.acc: 92.8605, s2.loss_bbox: 0.0789, loss: 0.7349
2020-04-09 19:50:28,759 - INFO - Epoch [6][300/504]	lr: 0.00500, eta: 0:58:21, time: 1.112, data_time: 0.009, memory: 23314, loss_rpn_cls: 0.0185, loss_rpn_bbox: 0.0237, s0.loss_cls: 0.1808, s0.acc: 92.4883, s0.loss_bbox: 0.1454, s1.loss_cls: 0.0957, s1.acc: 91.7403, s1.loss_bbox: 0.1668, s2.loss_cls: 0.0449, s2.acc: 92.1665, s2.loss_bbox: 0.0791, loss: 0.7549
2020-04-09 19:51:22,756 - INFO - Epoch [6][350/504]	lr: 0.00500, eta: 0:57:26, time: 1.080, data_time: 0.009, memory: 23314, loss_rpn_cls: 0.0241, loss_rpn_bbox: 0.0248, s0.loss_cls: 0.1938, s0.acc: 91.7939, s0.loss_bbox: 0.1506, s1.loss_cls: 0.0986, s1.acc: 91.3697, s1.loss_bbox: 0.1617, s2.loss_cls: 0.0433, s2.acc: 92.7784, s2.loss_bbox: 0.0737, loss: 0.7707
2020-04-09 19:52:15,280 - INFO - Epoch [6][400/504]	lr: 0.00500, eta: 0:56:30, time: 1.050, data_time: 0.009, memory: 23314, loss_rpn_cls: 0.0187, loss_rpn_bbox: 0.0217, s0.loss_cls: 0.1791, s0.acc: 92.3623, s0.loss_bbox: 0.1445, s1.loss_cls: 0.0926, s1.acc: 91.9170, s1.loss_bbox: 0.1628, s2.loss_cls: 0.0423, s2.acc: 92.9071, s2.loss_bbox: 0.0758, loss: 0.7374
2020-04-09 19:53:08,289 - INFO - Epoch [6][450/504]	lr: 0.00500, eta: 0:55:35, time: 1.060, data_time: 0.009, memory: 23314, loss_rpn_cls: 0.0174, loss_rpn_bbox: 0.0229, s0.loss_cls: 0.1741, s0.acc: 92.7285, s0.loss_bbox: 0.1380, s1.loss_cls: 0.0918, s1.acc: 92.1500, s1.loss_bbox: 0.1576, s2.loss_cls: 0.0412, s2.acc: 93.1207, s2.loss_bbox: 0.0736, loss: 0.7166
2020-04-09 19:53:59,307 - INFO - Epoch [6][500/504]	lr: 0.00500, eta: 0:54:37, time: 1.020, data_time: 0.009, memory: 23314, loss_rpn_cls: 0.0214, loss_rpn_bbox: 0.0217, s0.loss_cls: 0.1947, s0.acc: 91.6787, s0.loss_bbox: 0.1532, s1.loss_cls: 0.1009, s1.acc: 91.0125, s1.loss_bbox: 0.1697, s2.loss_cls: 0.0454, s2.acc: 92.3908, s2.loss_bbox: 0.0785, loss: 0.7854
2020-04-09 19:56:54,432 - INFO - Epoch [6][504/504]	lr: 0.00500, bbox_mAP: 0.3250, bbox_mAP_50: 0.6320, bbox_mAP_75: 0.2830, bbox_mAP_s: 0.1710, bbox_mAP_m: 0.2040, bbox_mAP_l: 0.4210, bbox_mAP_copypaste: 0.325 0.632 0.283 0.171 0.204 0.421
2020-04-09 19:57:57,495 - INFO - Epoch [7][50/504]	lr: 0.00500, eta: 0:53:43, time: 1.261, data_time: 0.183, memory: 23314, loss_rpn_cls: 0.0203, loss_rpn_bbox: 0.0238, s0.loss_cls: 0.1885, s0.acc: 91.8389, s0.loss_bbox: 0.1457, s1.loss_cls: 0.0992, s1.acc: 91.1637, s1.loss_bbox: 0.1676, s2.loss_cls: 0.0449, s2.acc: 92.6513, s2.loss_bbox: 0.0801, loss: 0.7701
2020-04-09 19:58:50,453 - INFO - Epoch [7][100/504]	lr: 0.00500, eta: 0:52:48, time: 1.059, data_time: 0.009, memory: 23314, loss_rpn_cls: 0.0203, loss_rpn_bbox: 0.0235, s0.loss_cls: 0.1839, s0.acc: 92.2979, s0.loss_bbox: 0.1486, s1.loss_cls: 0.0951, s1.acc: 91.8922, s1.loss_bbox: 0.1657, s2.loss_cls: 0.0439, s2.acc: 92.4920, s2.loss_bbox: 0.0791, loss: 0.7601
2020-04-09 19:59:43,436 - INFO - Epoch [7][150/504]	lr: 0.00500, eta: 0:51:53, time: 1.060, data_time: 0.009, memory: 23314, loss_rpn_cls: 0.0192, loss_rpn_bbox: 0.0252, s0.loss_cls: 0.1923, s0.acc: 91.7881, s0.loss_bbox: 0.1517, s1.loss_cls: 0.1007, s1.acc: 91.2261, s1.loss_bbox: 0.1741, s2.loss_cls: 0.0453, s2.acc: 92.4325, s2.loss_bbox: 0.0817, loss: 0.7902
2020-04-09 20:00:35,404 - INFO - Epoch [7][200/504]	lr: 0.00500, eta: 0:50:57, time: 1.039, data_time: 0.010, memory: 23314, loss_rpn_cls: 0.0183, loss_rpn_bbox: 0.0249, s0.loss_cls: 0.1818, s0.acc: 92.2783, s0.loss_bbox: 0.1487, s1.loss_cls: 0.0956, s1.acc: 91.6843, s1.loss_bbox: 0.1727, s2.loss_cls: 0.0447, s2.acc: 92.0342, s2.loss_bbox: 0.0789, loss: 0.7655
2020-04-09 20:01:29,627 - INFO - Epoch [7][250/504]	lr: 0.00500, eta: 0:50:03, time: 1.084, data_time: 0.009, memory: 23314, loss_rpn_cls: 0.0209, loss_rpn_bbox: 0.0236, s0.loss_cls: 0.1816, s0.acc: 92.3350, s0.loss_bbox: 0.1406, s1.loss_cls: 0.0931, s1.acc: 91.8653, s1.loss_bbox: 0.1648, s2.loss_cls: 0.0426, s2.acc: 92.5757, s2.loss_bbox: 0.0813, loss: 0.7485
2020-04-09 20:02:22,901 - INFO - Epoch [7][300/504]	lr: 0.00500, eta: 0:49:08, time: 1.065, data_time: 0.009, memory: 23314, loss_rpn_cls: 0.0223, loss_rpn_bbox: 0.0231, s0.loss_cls: 0.1648, s0.acc: 93.3936, s0.loss_bbox: 0.1260, s1.loss_cls: 0.0829, s1.acc: 93.3228, s1.loss_bbox: 0.1414, s2.loss_cls: 0.0373, s2.acc: 94.0262, s2.loss_bbox: 0.0690, loss: 0.6668
2020-04-09 20:03:16,731 - INFO - Epoch [7][350/504]	lr: 0.00500, eta: 0:48:13, time: 1.077, data_time: 0.010, memory: 23314, loss_rpn_cls: 0.0195, loss_rpn_bbox: 0.0223, s0.loss_cls: 0.1777, s0.acc: 92.5908, s0.loss_bbox: 0.1423, s1.loss_cls: 0.0936, s1.acc: 91.9211, s1.loss_bbox: 0.1671, s2.loss_cls: 0.0438, s2.acc: 92.3336, s2.loss_bbox: 0.0815, loss: 0.7478
2020-04-09 20:04:07,855 - INFO - Epoch [7][400/504]	lr: 0.00500, eta: 0:47:17, time: 1.022, data_time: 0.009, memory: 23314, loss_rpn_cls: 0.0206, loss_rpn_bbox: 0.0217, s0.loss_cls: 0.1830, s0.acc: 92.2568, s0.loss_bbox: 0.1522, s1.loss_cls: 0.0950, s1.acc: 91.9127, s1.loss_bbox: 0.1763, s2.loss_cls: 0.0454, s2.acc: 91.9782, s2.loss_bbox: 0.0833, loss: 0.7773
2020-04-09 20:05:03,011 - INFO - Epoch [7][450/504]	lr: 0.00500, eta: 0:46:24, time: 1.103, data_time: 0.010, memory: 23314, loss_rpn_cls: 0.0199, loss_rpn_bbox: 0.0239, s0.loss_cls: 0.1827, s0.acc: 92.3662, s0.loss_bbox: 0.1416, s1.loss_cls: 0.0943, s1.acc: 91.9958, s1.loss_bbox: 0.1640, s2.loss_cls: 0.0431, s2.acc: 92.7440, s2.loss_bbox: 0.0778, loss: 0.7474
2020-04-09 20:05:57,517 - INFO - Epoch [7][500/504]	lr: 0.00500, eta: 0:45:30, time: 1.090, data_time: 0.009, memory: 23314, loss_rpn_cls: 0.0200, loss_rpn_bbox: 0.0241, s0.loss_cls: 0.1862, s0.acc: 92.1602, s0.loss_bbox: 0.1402, s1.loss_cls: 0.0964, s1.acc: 91.7346, s1.loss_bbox: 0.1655, s2.loss_cls: 0.0444, s2.acc: 92.3521, s2.loss_bbox: 0.0840, loss: 0.7608
2020-04-09 20:09:01,390 - INFO - Epoch [7][504/504]	lr: 0.00500, bbox_mAP: 0.3290, bbox_mAP_50: 0.6360, bbox_mAP_75: 0.2840, bbox_mAP_s: 0.1470, bbox_mAP_m: 0.1950, bbox_mAP_l: 0.4390, bbox_mAP_copypaste: 0.329 0.636 0.284 0.147 0.195 0.439
2020-04-09 20:10:02,878 - INFO - Epoch [8][50/504]	lr: 0.00500, eta: 0:44:34, time: 1.230, data_time: 0.187, memory: 23314, loss_rpn_cls: 0.0165, loss_rpn_bbox: 0.0208, s0.loss_cls: 0.1612, s0.acc: 93.3613, s0.loss_bbox: 0.1317, s1.loss_cls: 0.0822, s1.acc: 93.0955, s1.loss_bbox: 0.1487, s2.loss_cls: 0.0386, s2.acc: 93.4184, s2.loss_bbox: 0.0726, loss: 0.6723
2020-04-09 20:10:56,191 - INFO - Epoch [8][100/504]	lr: 0.00500, eta: 0:43:39, time: 1.066, data_time: 0.009, memory: 23314, loss_rpn_cls: 0.0203, loss_rpn_bbox: 0.0234, s0.loss_cls: 0.1864, s0.acc: 92.1572, s0.loss_bbox: 0.1527, s1.loss_cls: 0.0966, s1.acc: 91.6546, s1.loss_bbox: 0.1715, s2.loss_cls: 0.0453, s2.acc: 92.0772, s2.loss_bbox: 0.0854, loss: 0.7815
2020-04-09 20:11:48,722 - INFO - Epoch [8][150/504]	lr: 0.00500, eta: 0:42:44, time: 1.051, data_time: 0.009, memory: 23314, loss_rpn_cls: 0.0173, loss_rpn_bbox: 0.0225, s0.loss_cls: 0.1816, s0.acc: 92.2686, s0.loss_bbox: 0.1469, s1.loss_cls: 0.0929, s1.acc: 91.8450, s1.loss_bbox: 0.1717, s2.loss_cls: 0.0435, s2.acc: 92.6124, s2.loss_bbox: 0.0869, loss: 0.7633
2020-04-09 20:12:41,003 - INFO - Epoch [8][200/504]	lr: 0.00500, eta: 0:41:49, time: 1.046, data_time: 0.009, memory: 23314, loss_rpn_cls: 0.0175, loss_rpn_bbox: 0.0238, s0.loss_cls: 0.1779, s0.acc: 92.3740, s0.loss_bbox: 0.1428, s1.loss_cls: 0.0951, s1.acc: 91.4815, s1.loss_bbox: 0.1685, s2.loss_cls: 0.0443, s2.acc: 92.1989, s2.loss_bbox: 0.0833, loss: 0.7533
2020-04-09 20:13:35,140 - INFO - Epoch [8][250/504]	lr: 0.00500, eta: 0:40:55, time: 1.083, data_time: 0.009, memory: 23314, loss_rpn_cls: 0.0159, loss_rpn_bbox: 0.0216, s0.loss_cls: 0.1816, s0.acc: 92.2998, s0.loss_bbox: 0.1416, s1.loss_cls: 0.0953, s1.acc: 91.8320, s1.loss_bbox: 0.1658, s2.loss_cls: 0.0445, s2.acc: 92.5118, s2.loss_bbox: 0.0849, loss: 0.7512
2020-04-09 20:14:30,980 - INFO - Epoch [8][300/504]	lr: 0.00500, eta: 0:40:01, time: 1.117, data_time: 0.009, memory: 23314, loss_rpn_cls: 0.0184, loss_rpn_bbox: 0.0245, s0.loss_cls: 0.1847, s0.acc: 92.2119, s0.loss_bbox: 0.1432, s1.loss_cls: 0.0982, s1.acc: 91.2956, s1.loss_bbox: 0.1687, s2.loss_cls: 0.0455, s2.acc: 92.1248, s2.loss_bbox: 0.0845, loss: 0.7677
2020-04-09 20:15:26,798 - INFO - Epoch [8][350/504]	lr: 0.00500, eta: 0:39:08, time: 1.116, data_time: 0.010, memory: 23314, loss_rpn_cls: 0.0178, loss_rpn_bbox: 0.0247, s0.loss_cls: 0.1820, s0.acc: 92.1318, s0.loss_bbox: 0.1525, s1.loss_cls: 0.0956, s1.acc: 91.6567, s1.loss_bbox: 0.1775, s2.loss_cls: 0.0445, s2.acc: 92.2850, s2.loss_bbox: 0.0827, loss: 0.7774
2020-04-09 20:16:20,557 - INFO - Epoch [8][400/504]	lr: 0.00500, eta: 0:38:14, time: 1.075, data_time: 0.009, memory: 23314, loss_rpn_cls: 0.0187, loss_rpn_bbox: 0.0242, s0.loss_cls: 0.1840, s0.acc: 92.2578, s0.loss_bbox: 0.1429, s1.loss_cls: 0.0955, s1.acc: 91.7191, s1.loss_bbox: 0.1746, s2.loss_cls: 0.0445, s2.acc: 92.3130, s2.loss_bbox: 0.0883, loss: 0.7727
2020-04-09 20:17:16,159 - INFO - Epoch [8][450/504]	lr: 0.00500, eta: 0:37:21, time: 1.112, data_time: 0.010, memory: 23314, loss_rpn_cls: 0.0164, loss_rpn_bbox: 0.0215, s0.loss_cls: 0.1787, s0.acc: 92.3848, s0.loss_bbox: 0.1372, s1.loss_cls: 0.0935, s1.acc: 91.8538, s1.loss_bbox: 0.1633, s2.loss_cls: 0.0439, s2.acc: 92.3656, s2.loss_bbox: 0.0818, loss: 0.7363
2020-04-09 20:18:07,988 - INFO - Epoch [8][500/504]	lr: 0.00500, eta: 0:36:25, time: 1.037, data_time: 0.009, memory: 23314, loss_rpn_cls: 0.0186, loss_rpn_bbox: 0.0211, s0.loss_cls: 0.1689, s0.acc: 92.9092, s0.loss_bbox: 0.1316, s1.loss_cls: 0.0883, s1.acc: 92.2341, s1.loss_bbox: 0.1548, s2.loss_cls: 0.0409, s2.acc: 92.8078, s2.loss_bbox: 0.0756, loss: 0.6999
2020-04-09 20:20:56,799 - INFO - Epoch [8][504/504]	lr: 0.00500, bbox_mAP: 0.3760, bbox_mAP_50: 0.7010, bbox_mAP_75: 0.3500, bbox_mAP_s: 0.1900, bbox_mAP_m: 0.2470, bbox_mAP_l: 0.4810, bbox_mAP_copypaste: 0.376 0.701 0.350 0.190 0.247 0.481
2020-04-09 20:21:59,189 - INFO - Epoch [9][50/504]	lr: 0.00050, eta: 0:35:29, time: 1.248, data_time: 0.188, memory: 23314, loss_rpn_cls: 0.0180, loss_rpn_bbox: 0.0201, s0.loss_cls: 0.1731, s0.acc: 92.7471, s0.loss_bbox: 0.1397, s1.loss_cls: 0.0915, s1.acc: 92.0013, s1.loss_bbox: 0.1735, s2.loss_cls: 0.0437, s2.acc: 92.2328, s2.loss_bbox: 0.0904, loss: 0.7500
2020-04-09 20:22:55,849 - INFO - Epoch [9][100/504]	lr: 0.00050, eta: 0:34:36, time: 1.133, data_time: 0.009, memory: 23314, loss_rpn_cls: 0.0170, loss_rpn_bbox: 0.0196, s0.loss_cls: 0.1707, s0.acc: 92.9990, s0.loss_bbox: 0.1340, s1.loss_cls: 0.0871, s1.acc: 92.6884, s1.loss_bbox: 0.1617, s2.loss_cls: 0.0418, s2.acc: 92.9251, s2.loss_bbox: 0.0825, loss: 0.7143
2020-04-09 20:23:49,871 - INFO - Epoch [9][150/504]	lr: 0.00050, eta: 0:33:42, time: 1.080, data_time: 0.009, memory: 23314, loss_rpn_cls: 0.0156, loss_rpn_bbox: 0.0191, s0.loss_cls: 0.1568, s0.acc: 93.3760, s0.loss_bbox: 0.1242, s1.loss_cls: 0.0828, s1.acc: 92.8236, s1.loss_bbox: 0.1530, s2.loss_cls: 0.0404, s2.acc: 92.9613, s2.loss_bbox: 0.0824, loss: 0.6742
2020-04-09 20:24:44,034 - INFO - Epoch [9][200/504]	lr: 0.00050, eta: 0:32:47, time: 1.083, data_time: 0.009, memory: 23314, loss_rpn_cls: 0.0156, loss_rpn_bbox: 0.0185, s0.loss_cls: 0.1618, s0.acc: 93.0977, s0.loss_bbox: 0.1335, s1.loss_cls: 0.0854, s1.acc: 92.5815, s1.loss_bbox: 0.1690, s2.loss_cls: 0.0414, s2.acc: 92.7296, s2.loss_bbox: 0.0864, loss: 0.7117
2020-04-09 20:25:36,738 - INFO - Epoch [9][250/504]	lr: 0.00050, eta: 0:31:53, time: 1.054, data_time: 0.009, memory: 23314, loss_rpn_cls: 0.0170, loss_rpn_bbox: 0.0183, s0.loss_cls: 0.1632, s0.acc: 93.0674, s0.loss_bbox: 0.1316, s1.loss_cls: 0.0859, s1.acc: 92.6113, s1.loss_bbox: 0.1651, s2.loss_cls: 0.0427, s2.acc: 92.2713, s2.loss_bbox: 0.0875, loss: 0.7114
2020-04-09 20:26:31,390 - INFO - Epoch [9][300/504]	lr: 0.00050, eta: 0:30:59, time: 1.093, data_time: 0.009, memory: 23314, loss_rpn_cls: 0.0149, loss_rpn_bbox: 0.0201, s0.loss_cls: 0.1652, s0.acc: 93.0967, s0.loss_bbox: 0.1365, s1.loss_cls: 0.0877, s1.acc: 92.3676, s1.loss_bbox: 0.1753, s2.loss_cls: 0.0439, s2.acc: 92.0902, s2.loss_bbox: 0.0907, loss: 0.7341
2020-04-09 20:27:23,018 - INFO - Epoch [9][350/504]	lr: 0.00050, eta: 0:30:04, time: 1.033, data_time: 0.010, memory: 23314, loss_rpn_cls: 0.0162, loss_rpn_bbox: 0.0202, s0.loss_cls: 0.1491, s0.acc: 93.7236, s0.loss_bbox: 0.1214, s1.loss_cls: 0.0787, s1.acc: 93.2314, s1.loss_bbox: 0.1496, s2.loss_cls: 0.0379, s2.acc: 93.4985, s2.loss_bbox: 0.0798, loss: 0.6529
2020-04-09 20:28:17,300 - INFO - Epoch [9][400/504]	lr: 0.00050, eta: 0:29:09, time: 1.086, data_time: 0.010, memory: 23314, loss_rpn_cls: 0.0125, loss_rpn_bbox: 0.0185, s0.loss_cls: 0.1503, s0.acc: 93.5820, s0.loss_bbox: 0.1276, s1.loss_cls: 0.0793, s1.acc: 93.0862, s1.loss_bbox: 0.1621, s2.loss_cls: 0.0393, s2.acc: 92.9847, s2.loss_bbox: 0.0879, loss: 0.6776
2020-04-09 20:29:10,554 - INFO - Epoch [9][450/504]	lr: 0.00050, eta: 0:28:15, time: 1.065, data_time: 0.010, memory: 23314, loss_rpn_cls: 0.0145, loss_rpn_bbox: 0.0193, s0.loss_cls: 0.1594, s0.acc: 93.1240, s0.loss_bbox: 0.1345, s1.loss_cls: 0.0842, s1.acc: 92.4771, s1.loss_bbox: 0.1704, s2.loss_cls: 0.0419, s2.acc: 92.4341, s2.loss_bbox: 0.0895, loss: 0.7137
2020-04-09 20:30:06,518 - INFO - Epoch [9][500/504]	lr: 0.00050, eta: 0:27:21, time: 1.119, data_time: 0.010, memory: 23314, loss_rpn_cls: 0.0170, loss_rpn_bbox: 0.0188, s0.loss_cls: 0.1701, s0.acc: 92.6611, s0.loss_bbox: 0.1403, s1.loss_cls: 0.0893, s1.acc: 92.2218, s1.loss_bbox: 0.1721, s2.loss_cls: 0.0443, s2.acc: 92.0957, s2.loss_bbox: 0.0922, loss: 0.7442
2020-04-09 20:32:36,187 - INFO - Epoch [9][504/504]	lr: 0.00050, bbox_mAP: 0.4000, bbox_mAP_50: 0.7420, bbox_mAP_75: 0.3680, bbox_mAP_s: 0.1920, bbox_mAP_m: 0.2790, bbox_mAP_l: 0.5030, bbox_mAP_copypaste: 0.400 0.742 0.368 0.192 0.279 0.503
2020-04-09 20:33:40,755 - INFO - Epoch [10][50/504]	lr: 0.00050, eta: 0:26:25, time: 1.291, data_time: 0.186, memory: 23314, loss_rpn_cls: 0.0125, loss_rpn_bbox: 0.0196, s0.loss_cls: 0.1581, s0.acc: 93.2451, s0.loss_bbox: 0.1321, s1.loss_cls: 0.0857, s1.acc: 92.4775, s1.loss_bbox: 0.1649, s2.loss_cls: 0.0424, s2.acc: 92.1610, s2.loss_bbox: 0.0858, loss: 0.7012
2020-04-09 20:34:35,171 - INFO - Epoch [10][100/504]	lr: 0.00050, eta: 0:25:31, time: 1.088, data_time: 0.009, memory: 23314, loss_rpn_cls: 0.0137, loss_rpn_bbox: 0.0173, s0.loss_cls: 0.1669, s0.acc: 92.9219, s0.loss_bbox: 0.1339, s1.loss_cls: 0.0883, s1.acc: 92.3695, s1.loss_bbox: 0.1707, s2.loss_cls: 0.0435, s2.acc: 92.0947, s2.loss_bbox: 0.0930, loss: 0.7272
2020-04-09 20:35:29,212 - INFO - Epoch [10][150/504]	lr: 0.00050, eta: 0:24:36, time: 1.081, data_time: 0.009, memory: 23314, loss_rpn_cls: 0.0152, loss_rpn_bbox: 0.0194, s0.loss_cls: 0.1629, s0.acc: 93.2422, s0.loss_bbox: 0.1283, s1.loss_cls: 0.0854, s1.acc: 92.6630, s1.loss_bbox: 0.1612, s2.loss_cls: 0.0416, s2.acc: 92.7072, s2.loss_bbox: 0.0887, loss: 0.7027
2020-04-09 20:36:24,301 - INFO - Epoch [10][200/504]	lr: 0.00050, eta: 0:23:42, time: 1.102, data_time: 0.009, memory: 23314, loss_rpn_cls: 0.0150, loss_rpn_bbox: 0.0177, s0.loss_cls: 0.1578, s0.acc: 93.2246, s0.loss_bbox: 0.1267, s1.loss_cls: 0.0832, s1.acc: 92.7742, s1.loss_bbox: 0.1646, s2.loss_cls: 0.0416, s2.acc: 92.5807, s2.loss_bbox: 0.0915, loss: 0.6980
2020-04-09 20:37:16,555 - INFO - Epoch [10][250/504]	lr: 0.00050, eta: 0:22:48, time: 1.045, data_time: 0.009, memory: 23314, loss_rpn_cls: 0.0126, loss_rpn_bbox: 0.0165, s0.loss_cls: 0.1547, s0.acc: 93.3447, s0.loss_bbox: 0.1294, s1.loss_cls: 0.0821, s1.acc: 92.8189, s1.loss_bbox: 0.1680, s2.loss_cls: 0.0408, s2.acc: 92.7037, s2.loss_bbox: 0.0921, loss: 0.6963
2020-04-09 20:38:09,560 - INFO - Epoch [10][300/504]	lr: 0.00050, eta: 0:21:53, time: 1.060, data_time: 0.009, memory: 23314, loss_rpn_cls: 0.0130, loss_rpn_bbox: 0.0193, s0.loss_cls: 0.1614, s0.acc: 93.0586, s0.loss_bbox: 0.1355, s1.loss_cls: 0.0857, s1.acc: 92.3099, s1.loss_bbox: 0.1712, s2.loss_cls: 0.0432, s2.acc: 92.1557, s2.loss_bbox: 0.0932, loss: 0.7226
2020-04-09 20:39:04,568 - INFO - Epoch [10][350/504]	lr: 0.00050, eta: 0:20:59, time: 1.100, data_time: 0.009, memory: 23314, loss_rpn_cls: 0.0138, loss_rpn_bbox: 0.0184, s0.loss_cls: 0.1470, s0.acc: 93.8467, s0.loss_bbox: 0.1269, s1.loss_cls: 0.0780, s1.acc: 93.3649, s1.loss_bbox: 0.1623, s2.loss_cls: 0.0394, s2.acc: 92.9974, s2.loss_bbox: 0.0853, loss: 0.6711
2020-04-09 20:40:00,087 - INFO - Epoch [10][400/504]	lr: 0.00050, eta: 0:20:05, time: 1.110, data_time: 0.010, memory: 23314, loss_rpn_cls: 0.0137, loss_rpn_bbox: 0.0168, s0.loss_cls: 0.1520, s0.acc: 93.4209, s0.loss_bbox: 0.1287, s1.loss_cls: 0.0799, s1.acc: 92.9405, s1.loss_bbox: 0.1661, s2.loss_cls: 0.0400, s2.acc: 92.7175, s2.loss_bbox: 0.0893, loss: 0.6866
2020-04-09 20:40:56,735 - INFO - Epoch [10][450/504]	lr: 0.00050, eta: 0:19:12, time: 1.133, data_time: 0.010, memory: 23314, loss_rpn_cls: 0.0143, loss_rpn_bbox: 0.0199, s0.loss_cls: 0.1613, s0.acc: 93.1514, s0.loss_bbox: 0.1310, s1.loss_cls: 0.0853, s1.acc: 92.7431, s1.loss_bbox: 0.1658, s2.loss_cls: 0.0423, s2.acc: 92.3732, s2.loss_bbox: 0.0878, loss: 0.7076
2020-04-09 20:41:49,172 - INFO - Epoch [10][500/504]	lr: 0.00050, eta: 0:18:17, time: 1.049, data_time: 0.009, memory: 23314, loss_rpn_cls: 0.0148, loss_rpn_bbox: 0.0182, s0.loss_cls: 0.1602, s0.acc: 93.3711, s0.loss_bbox: 0.1281, s1.loss_cls: 0.0843, s1.acc: 92.5956, s1.loss_bbox: 0.1586, s2.loss_cls: 0.0403, s2.acc: 92.8202, s2.loss_bbox: 0.0845, loss: 0.6890
2020-04-09 20:44:19,399 - INFO - Epoch [10][504/504]	lr: 0.00050, bbox_mAP: 0.4070, bbox_mAP_50: 0.7430, bbox_mAP_75: 0.3870, bbox_mAP_s: 0.2110, bbox_mAP_m: 0.2830, bbox_mAP_l: 0.5110, bbox_mAP_copypaste: 0.407 0.743 0.387 0.211 0.283 0.511
2020-04-09 20:45:21,822 - INFO - Epoch [11][50/504]	lr: 0.00050, eta: 0:17:19, time: 1.248, data_time: 0.183, memory: 23314, loss_rpn_cls: 0.0135, loss_rpn_bbox: 0.0187, s0.loss_cls: 0.1614, s0.acc: 93.0605, s0.loss_bbox: 0.1329, s1.loss_cls: 0.0849, s1.acc: 92.5280, s1.loss_bbox: 0.1697, s2.loss_cls: 0.0419, s2.acc: 92.5691, s2.loss_bbox: 0.0892, loss: 0.7122
2020-04-09 20:46:15,959 - INFO - Epoch [11][100/504]	lr: 0.00050, eta: 0:16:25, time: 1.083, data_time: 0.010, memory: 23314, loss_rpn_cls: 0.0127, loss_rpn_bbox: 0.0172, s0.loss_cls: 0.1493, s0.acc: 93.6904, s0.loss_bbox: 0.1205, s1.loss_cls: 0.0788, s1.acc: 93.2577, s1.loss_bbox: 0.1545, s2.loss_cls: 0.0393, s2.acc: 93.0636, s2.loss_bbox: 0.0869, loss: 0.6591
2020-04-09 20:47:10,306 - INFO - Epoch [11][150/504]	lr: 0.00050, eta: 0:15:31, time: 1.087, data_time: 0.009, memory: 23314, loss_rpn_cls: 0.0151, loss_rpn_bbox: 0.0189, s0.loss_cls: 0.1552, s0.acc: 93.4502, s0.loss_bbox: 0.1294, s1.loss_cls: 0.0807, s1.acc: 92.9475, s1.loss_bbox: 0.1696, s2.loss_cls: 0.0409, s2.acc: 92.8080, s2.loss_bbox: 0.0911, loss: 0.7008
2020-04-09 20:48:02,826 - INFO - Epoch [11][200/504]	lr: 0.00050, eta: 0:14:36, time: 1.050, data_time: 0.009, memory: 23314, loss_rpn_cls: 0.0129, loss_rpn_bbox: 0.0172, s0.loss_cls: 0.1498, s0.acc: 93.7354, s0.loss_bbox: 0.1234, s1.loss_cls: 0.0794, s1.acc: 93.2681, s1.loss_bbox: 0.1584, s2.loss_cls: 0.0396, s2.acc: 93.1247, s2.loss_bbox: 0.0874, loss: 0.6682
2020-04-09 20:48:57,277 - INFO - Epoch [11][250/504]	lr: 0.00050, eta: 0:13:42, time: 1.089, data_time: 0.010, memory: 23314, loss_rpn_cls: 0.0153, loss_rpn_bbox: 0.0167, s0.loss_cls: 0.1573, s0.acc: 93.2461, s0.loss_bbox: 0.1298, s1.loss_cls: 0.0839, s1.acc: 92.6779, s1.loss_bbox: 0.1657, s2.loss_cls: 0.0414, s2.acc: 92.5202, s2.loss_bbox: 0.0871, loss: 0.6971
2020-04-09 20:49:50,569 - INFO - Epoch [11][300/504]	lr: 0.00050, eta: 0:12:48, time: 1.066, data_time: 0.009, memory: 23314, loss_rpn_cls: 0.0150, loss_rpn_bbox: 0.0180, s0.loss_cls: 0.1574, s0.acc: 93.3066, s0.loss_bbox: 0.1270, s1.loss_cls: 0.0841, s1.acc: 92.7232, s1.loss_bbox: 0.1614, s2.loss_cls: 0.0407, s2.acc: 92.5905, s2.loss_bbox: 0.0899, loss: 0.6935
2020-04-09 20:50:44,449 - INFO - Epoch [11][350/504]	lr: 0.00050, eta: 0:11:53, time: 1.078, data_time: 0.010, memory: 23314, loss_rpn_cls: 0.0131, loss_rpn_bbox: 0.0174, s0.loss_cls: 0.1545, s0.acc: 93.3867, s0.loss_bbox: 0.1278, s1.loss_cls: 0.0817, s1.acc: 92.9244, s1.loss_bbox: 0.1667, s2.loss_cls: 0.0413, s2.acc: 92.7573, s2.loss_bbox: 0.0906, loss: 0.6931
2020-04-09 20:51:39,046 - INFO - Epoch [11][400/504]	lr: 0.00050, eta: 0:10:59, time: 1.092, data_time: 0.010, memory: 23314, loss_rpn_cls: 0.0128, loss_rpn_bbox: 0.0184, s0.loss_cls: 0.1561, s0.acc: 93.2520, s0.loss_bbox: 0.1317, s1.loss_cls: 0.0842, s1.acc: 92.6873, s1.loss_bbox: 0.1740, s2.loss_cls: 0.0426, s2.acc: 92.4875, s2.loss_bbox: 0.0928, loss: 0.7126
2020-04-09 20:52:32,433 - INFO - Epoch [11][450/504]	lr: 0.00050, eta: 0:10:05, time: 1.068, data_time: 0.009, memory: 23314, loss_rpn_cls: 0.0149, loss_rpn_bbox: 0.0197, s0.loss_cls: 0.1544, s0.acc: 93.4053, s0.loss_bbox: 0.1266, s1.loss_cls: 0.0822, s1.acc: 92.9680, s1.loss_bbox: 0.1612, s2.loss_cls: 0.0412, s2.acc: 92.6492, s2.loss_bbox: 0.0889, loss: 0.6892
2020-04-09 20:53:26,061 - INFO - Epoch [11][500/504]	lr: 0.00050, eta: 0:09:10, time: 1.073, data_time: 0.010, memory: 23314, loss_rpn_cls: 0.0171, loss_rpn_bbox: 0.0199, s0.loss_cls: 0.1596, s0.acc: 93.2422, s0.loss_bbox: 0.1294, s1.loss_cls: 0.0839, s1.acc: 92.7266, s1.loss_bbox: 0.1702, s2.loss_cls: 0.0417, s2.acc: 92.4402, s2.loss_bbox: 0.0904, loss: 0.7123
2020-04-09 20:55:53,336 - INFO - Epoch [11][504/504]	lr: 0.00050, bbox_mAP: 0.4180, bbox_mAP_50: 0.7560, bbox_mAP_75: 0.3970, bbox_mAP_s: 0.2060, bbox_mAP_m: 0.2910, bbox_mAP_l: 0.5250, bbox_mAP_copypaste: 0.418 0.756 0.397 0.206 0.291 0.525
2020-04-09 20:56:54,100 - INFO - Epoch [12][50/504]	lr: 0.00005, eta: 0:08:12, time: 1.215, data_time: 0.182, memory: 23314, loss_rpn_cls: 0.0131, loss_rpn_bbox: 0.0176, s0.loss_cls: 0.1466, s0.acc: 93.7432, s0.loss_bbox: 0.1236, s1.loss_cls: 0.0779, s1.acc: 93.2040, s1.loss_bbox: 0.1634, s2.loss_cls: 0.0397, s2.acc: 92.9078, s2.loss_bbox: 0.0917, loss: 0.6736
2020-04-09 20:57:45,055 - INFO - Epoch [12][100/504]	lr: 0.00005, eta: 0:07:18, time: 1.019, data_time: 0.009, memory: 23314, loss_rpn_cls: 0.0121, loss_rpn_bbox: 0.0182, s0.loss_cls: 0.1512, s0.acc: 93.7539, s0.loss_bbox: 0.1291, s1.loss_cls: 0.0793, s1.acc: 93.3174, s1.loss_bbox: 0.1678, s2.loss_cls: 0.0411, s2.acc: 92.3401, s2.loss_bbox: 0.0952, loss: 0.6940
2020-04-09 20:58:37,618 - INFO - Epoch [12][150/504]	lr: 0.00005, eta: 0:06:23, time: 1.051, data_time: 0.009, memory: 23314, loss_rpn_cls: 0.0129, loss_rpn_bbox: 0.0189, s0.loss_cls: 0.1603, s0.acc: 93.1523, s0.loss_bbox: 0.1296, s1.loss_cls: 0.0852, s1.acc: 92.5410, s1.loss_bbox: 0.1653, s2.loss_cls: 0.0431, s2.acc: 92.2619, s2.loss_bbox: 0.0911, loss: 0.7064
2020-04-09 20:59:33,096 - INFO - Epoch [12][200/504]	lr: 0.00005, eta: 0:05:29, time: 1.110, data_time: 0.010, memory: 23314, loss_rpn_cls: 0.0140, loss_rpn_bbox: 0.0177, s0.loss_cls: 0.1483, s0.acc: 93.6689, s0.loss_bbox: 0.1238, s1.loss_cls: 0.0789, s1.acc: 93.2173, s1.loss_bbox: 0.1676, s2.loss_cls: 0.0399, s2.acc: 92.7039, s2.loss_bbox: 0.0908, loss: 0.6810
2020-04-09 21:00:25,650 - INFO - Epoch [12][250/504]	lr: 0.00005, eta: 0:04:35, time: 1.051, data_time: 0.009, memory: 23314, loss_rpn_cls: 0.0125, loss_rpn_bbox: 0.0159, s0.loss_cls: 0.1504, s0.acc: 93.6592, s0.loss_bbox: 0.1223, s1.loss_cls: 0.0791, s1.acc: 92.9939, s1.loss_bbox: 0.1671, s2.loss_cls: 0.0408, s2.acc: 92.4771, s2.loss_bbox: 0.0920, loss: 0.6801
2020-04-09 21:01:18,059 - INFO - Epoch [12][300/504]	lr: 0.00005, eta: 0:03:41, time: 1.048, data_time: 0.009, memory: 23314, loss_rpn_cls: 0.0131, loss_rpn_bbox: 0.0146, s0.loss_cls: 0.1500, s0.acc: 93.6475, s0.loss_bbox: 0.1205, s1.loss_cls: 0.0803, s1.acc: 92.8467, s1.loss_bbox: 0.1551, s2.loss_cls: 0.0380, s2.acc: 93.4164, s2.loss_bbox: 0.0839, loss: 0.6556
2020-04-09 21:02:13,248 - INFO - Epoch [12][350/504]	lr: 0.00005, eta: 0:02:46, time: 1.104, data_time: 0.010, memory: 23314, loss_rpn_cls: 0.0139, loss_rpn_bbox: 0.0195, s0.loss_cls: 0.1608, s0.acc: 93.0508, s0.loss_bbox: 0.1372, s1.loss_cls: 0.0827, s1.acc: 92.8818, s1.loss_bbox: 0.1803, s2.loss_cls: 0.0423, s2.acc: 92.2785, s2.loss_bbox: 0.0972, loss: 0.7342
2020-04-09 21:03:07,325 - INFO - Epoch [12][400/504]	lr: 0.00005, eta: 0:01:52, time: 1.082, data_time: 0.010, memory: 23314, loss_rpn_cls: 0.0127, loss_rpn_bbox: 0.0159, s0.loss_cls: 0.1502, s0.acc: 93.5635, s0.loss_bbox: 0.1196, s1.loss_cls: 0.0792, s1.acc: 93.0952, s1.loss_bbox: 0.1536, s2.loss_cls: 0.0400, s2.acc: 92.8368, s2.loss_bbox: 0.0861, loss: 0.6573
2020-04-09 21:04:00,091 - INFO - Epoch [12][450/504]	lr: 0.00005, eta: 0:00:58, time: 1.055, data_time: 0.009, memory: 23314, loss_rpn_cls: 0.0146, loss_rpn_bbox: 0.0191, s0.loss_cls: 0.1539, s0.acc: 93.4707, s0.loss_bbox: 0.1265, s1.loss_cls: 0.0817, s1.acc: 93.1692, s1.loss_bbox: 0.1633, s2.loss_cls: 0.0400, s2.acc: 92.9806, s2.loss_bbox: 0.0912, loss: 0.6904
2020-04-09 21:04:51,882 - INFO - Epoch [12][500/504]	lr: 0.00005, eta: 0:00:04, time: 1.036, data_time: 0.009, memory: 23314, loss_rpn_cls: 0.0148, loss_rpn_bbox: 0.0193, s0.loss_cls: 0.1508, s0.acc: 93.6787, s0.loss_bbox: 0.1226, s1.loss_cls: 0.0791, s1.acc: 93.2471, s1.loss_bbox: 0.1601, s2.loss_cls: 0.0401, s2.acc: 92.7178, s2.loss_bbox: 0.0905, loss: 0.6773
2020-04-09 21:07:16,975 - INFO - Epoch [12][504/504]	lr: 0.00005, bbox_mAP: 0.4200, bbox_mAP_50: 0.7620, bbox_mAP_75: 0.3930, bbox_mAP_s: 0.2100, bbox_mAP_m: 0.2950, bbox_mAP_l: 0.5260, bbox_mAP_copypaste: 0.420 0.762 0.393 0.210 0.295 0.526
